<?xml version="1.0" encoding="UTF-8"?>
<!-- Generated by org.testng.reporters.JUnitXMLReporter -->
<testsuite ignored="0" hostname="Jyothi" failures="0" tests="3" name="MBIO Regression Tests" time="33.39" errors="0" timestamp="2026-07-12T13:57:15 GST">
  <testcase classname="com.mbio.mbio_automation.tests.NavigationTests" name="setMobileViewport" time="1.272"/>
  <testcase classname="com.mbio.mbio_automation.tests.NavigationTests" name="verifyHeaderNavigation" time="12.68"/>
  <testcase classname="com.mbio.mbio_automation.tests.NavigationTests" name="verifyNavigationDesktopView" time="0.839"/>
</testsuite> <!-- MBIO Regression Tests -->
