<?xml version="1.0" encoding="UTF-8"?>
<!-- Generated by org.testng.reporters.JUnitReportReporter -->
<testsuite hostname="Jyothi" failures="0" tests="3" name="com.mbio.mbio_automation.tests.NavigationTests" time="33.329" errors="0" timestamp="2026-07-12T13:57:15 GST" skipped="0">
  <testcase classname="com.mbio.mbio_automation.tests.NavigationTests" name="verifyNavigationDesktopView" time="7.258"/>
  <testcase classname="com.mbio.mbio_automation.tests.NavigationTests" name="verifyHeaderNavigation" time="19.278"/>
  <testcase classname="com.mbio.mbio_automation.tests.NavigationTests" name="setMobileViewport" time="6.793"/>
</testsuite> <!-- com.mbio.mbio_automation.tests.NavigationTests -->
